<?xml version="1.0" encoding="UTF-8"?>
<!-- Generated by org.testng.reporters.JUnitReportReporter -->
<testsuite hostname="DESKTOP-GTM5910" failures="0" tests="3" name="test.CartPageTest" time="10.496" errors="0" timestamp="2023-09-14T20:25:25 IST" skipped="0">
  <testcase classname="test.CartPageTest" name="verifyUserNavigatetoYourCartPage" time="5.711"/>
  <testcase classname="test.CartPageTest" name="verifyIfUserAbletoCheckoutPage" time="2.512"/>
  <testcase classname="test.CartPageTest" name="verifyUserAbletoContinueShopping" time="2.273"/>
</testsuite> <!-- test.CartPageTest -->
