<?xml version="1.0" encoding="UTF-8"?>
<!-- Generated by org.testng.reporters.JUnitReportReporter -->
<testsuite hostname="DESKTOP-GTM5910" failures="0" tests="3" name="test.LoginPageTest" time="6.150" errors="0" timestamp="2023-09-14T20:25:25 IST" skipped="0">
  <testcase classname="test.LoginPageTest" name="verifyUserAbleToLoginToSwagLabWithValidCreadential" time="2.005"/>
  <testcase classname="test.LoginPageTest" name="verifyUserAbleToRemoveUserName" time="2.461"/>
  <testcase classname="test.LoginPageTest" name="verifyUserAbleToRemovePassword" time="1.684"/>
</testsuite> <!-- test.LoginPageTest -->
