<?xml version="1.0" encoding="UTF-8"?>
<!-- Generated by org.testng.reporters.JUnitReportReporter -->
<testsuite hostname="DESKTOP-GTM5910" failures="0" tests="3" name="test.CheckoutPageTest" time="7.952" errors="0" timestamp="2023-09-14T20:25:25 IST" skipped="0">
  <testcase classname="test.CheckoutPageTest" name="verifyUserAbletoGotoOverviewPage" time="2.504"/>
  <testcase classname="test.CheckoutPageTest" name="verifyUserAbletoFinishOrder" time="2.710"/>
  <testcase classname="test.CheckoutPageTest" name="verifyClickonCancellingOrder" time="2.738"/>
</testsuite> <!-- test.CheckoutPageTest -->
