<?xml version="1.0" encoding="UTF-8"?>
<!-- Generated by org.testng.reporters.JUnitReportReporter -->
<testsuite hostname="DESKTOP-GTM5910" failures="0" tests="1" name="test.AddtoCartDesiredProductTest" time="4.966" errors="0" timestamp="2023-09-10T13:38:59 IST" skipped="0">
  <testcase classname="test.AddtoCartDesiredProductTest" name="verifyUserAbletoAddproducttocart" time="4.966"/>
</testsuite> <!-- test.AddtoCartDesiredProductTest -->
