<?xml version="1.0" encoding="UTF-8"?>
<!-- Generated by org.testng.reporters.JUnitReportReporter -->
<testsuite hostname="DESKTOP-GTM5910" failures="0" tests="4" name="test.ProducDisplayPageTest" time="10.641" errors="0" timestamp="2023-09-14T20:25:25 IST" skipped="0">
  <testcase classname="test.ProducDisplayPageTest" name="verifyUserAbleToSeeListOfProducts" time="1.966"/>
  <testcase classname="test.ProducDisplayPageTest" name="verifyUserAbletoSeeProductDetailPage" time="2.708"/>
  <testcase classname="test.ProducDisplayPageTest" name="verifyUserAbleToAddProductToCart" time="2.645"/>
  <testcase classname="test.ProducDisplayPageTest" name="verifyUserAbleToGoBacktoProduct" time="3.322"/>
</testsuite> <!-- test.ProducDisplayPageTest -->
