<?xml version="1.0" encoding="UTF-8"?>
<!-- Generated by org.testng.reporters.JUnitReportReporter -->
<testsuite hostname="DESKTOP-GTM5910" failures="0" tests="2" name="test.LogOutPageTest" time="12.136" errors="0" timestamp="2023-09-14T20:25:25 IST" skipped="0">
  <testcase classname="test.LogOutPageTest" name="verifyUserAbletoLogout" time="2.651"/>
  <testcase classname="test.LogOutPageTest" name="verifyTappingOnAbout" time="9.485"/>
</testsuite> <!-- test.LogOutPageTest -->
